<?xml version="1.0" encoding="UTF-8"?>
<!-- Generated by org.testng.reporters.JUnitReportReporter -->
<testsuite skipped="0" hostname="LAPTOP-FUEFTUT8" name="Tests.GetAndPostExamplers" tests="1" failures="0" timestamp="2022-03-30T11:57:42 IST" time="2.198" errors="0">
  <testcase name="postTest1" time="2.198" classname="Tests.GetAndPostExamplers"/>
  <system-out/>
</testsuite> <!-- Tests.GetAndPostExamplers -->
