<?xml version="1.0" encoding="UTF-8"?>
<!-- Generated by org.testng.reporters.JUnitReportReporter -->
<testsuite skipped="0" hostname="LAPTOP-FUEFTUT8" name="Tests.TestsExamples" tests="1" failures="0" timestamp="2022-03-30T10:23:54 IST" time="1.558" errors="0">
  <testcase name="tesst2" time="1.558" classname="Tests.TestsExamples"/>
  <system-out/>
</testsuite> <!-- Tests.TestsExamples -->
