<?xml version="1.0" encoding="UTF-8"?>
<!-- Generated by org.testng.reporters.JUnitReportReporter -->
<testsuite skipped="0" hostname="LAPTOP-FUEFTUT8" name="Tests.PutPatchDeleteExample" tests="3" failures="0" timestamp="2022-03-30T12:07:02 IST" time="3.782" errors="0">
  <testcase name="DeleteTest1" time="2.651" classname="Tests.PutPatchDeleteExample"/>
  <system-out/>
  <testcase name="patchTest1" time="0.601" classname="Tests.PutPatchDeleteExample"/>
  <system-out/>
  <testcase name="putTest1" time="0.530" classname="Tests.PutPatchDeleteExample"/>
  <system-out/>
</testsuite> <!-- Tests.PutPatchDeleteExample -->
